<?xml version="1.0" encoding="UTF-8"?>
<!-- Generated by org.testng.reporters.JUnitReportReporter -->
<testsuite hostname="tier5-B460MDS3HV2" failures="0" tests="2" name="parallel.ParallelRun" time="122.271" errors="0" timestamp="2022-11-30T14:43:47 IST" skipped="0">
  <testcase classname="parallel.ParallelRun" name="runScenario" time="35.798"/>
  <system-out/>
  <testcase classname="parallel.ParallelRun" name="runScenario" time="86.473"/>
  <system-out/>
</testsuite> <!-- parallel.ParallelRun -->
